[crf]2022-12-09 16:09:02,771 26244  14084 - WARNING - monitor_dir - monitor_dir.py monitor_dir 19 - MainThread: Watching changes in
[crf]2022-12-09 16:09:19,413 11432   2684 - WARNING - monitor_dir - monitor_dir.py monitor_dir 19 - MainThread: Watching changes in X:\main
[crf]2022-12-09 16:26:46,389 28228  26628 - WARNING - monitor_dir - monitor_dir.py monitor_dir 18 - MainThread: Watching changes in X:\main
[crf]2022-12-09 16:26:51,088 28228  26628 - WARNING - monitor_dir - monitor_dir.py monitor_dir 46 - MainThread: Watching changes in X:\main
[crf]2022-12-09 16:26:51,089 28228  26628 - WARNING - monitor_dir - monitor_dir.py monitor_dir 47 - MainThread: Watching changes in X:\main
[crf]2022-12-09 16:27:10,324 28228  26628 - WARNING - monitor_dir - monitor_dir.py monitor_dir 46 - MainThread: Watching changes in X:\main
[crf]2022-12-09 16:27:10,325 28228  26628 - WARNING - monitor_dir - monitor_dir.py monitor_dir 47 - MainThread: Watching changes in X:\main
[crf]2022-12-09 16:27:17,443 28228  26628 - WARNING - monitor_dir - monitor_dir.py monitor_dir 46 - MainThread: Watching changes in X:\main
[crf]2022-12-09 16:27:17,443 28228  26628 - WARNING - monitor_dir - monitor_dir.py monitor_dir 47 - MainThread: Watching changes in X:\main
[crf]2022-12-09 16:27:17,448 28228  26628 - WARNING - monitor_dir - monitor_dir.py monitor_dir 46 - MainThread: Watching changes in X:\main
[crf]2022-12-09 16:27:17,448 28228  26628 - WARNING - monitor_dir - monitor_dir.py monitor_dir 47 - MainThread: Watching changes in X:\main
[crf]2022-12-09 16:29:45,803 27168  12272 - WARNING - monitor_dir - monitor_dir.py monitor_dir 9 - MainThread: Watching changes in X:\main
[crf]2022-12-09 16:29:56,359 27168  12272 - WARNING - monitor_dir - monitor_dir.py monitor_dir 46 - MainThread: Watching changes in X:\main
[crf]2022-12-09 16:29:56,359 27168  12272 - WARNING - monitor_dir - monitor_dir.py monitor_dir 47 - MainThread: Watching changes in X:\main
[crf]2022-12-09 16:31:11,733 26304  18924 - WARNING - monitor_dir - monitor_dir.py monitor_dir 18 - MainThread: Watching changes in X:\main
[crf]2022-12-09 16:31:21,477 26304  18924 - WARNING - monitor_dir - monitor_dir.py monitor_dir 45 - MainThread: Deleted X:\main\新建文本文档.txt
[crf]2022-12-09 16:32:25,926 26304  18924 - WARNING - monitor_dir - monitor_dir.py monitor_dir 45 - MainThread: Created X:\main\新建文件夹
[crf]2022-12-09 16:32:54,829 10108  24116 - WARNING - monitor_dir - monitor_dir.py monitor_dir 18 - MainThread: Watching changes in X:\main
[crf]2022-12-09 16:33:02,114 10108  24116 - WARNING - monitor_dir - monitor_dir.py monitor_dir 45 - MainThread: Created X:\main\新建文件夹 (2)
[crf]2022-12-09 16:33:09,536 10108  24116 - WARNING - monitor_dir - monitor_dir.py monitor_dir 45 - MainThread: Deleted X:\main\新建文件夹 (2)
[crf]2022-12-09 16:33:09,541 10108  24116 - WARNING - monitor_dir - monitor_dir.py monitor_dir 45 - MainThread: Deleted X:\main\新建文件夹
